Connecting to database specified by database.yml
Connecting to database specified by database.yml
Connecting to database specified by database.yml
Connecting to database specified by database.yml
  [1m[36m (0.1ms)[0m  [1mselect sqlite_version(*)[0m
  [1m[35m (191.9ms)[0m  CREATE TABLE "schema_migrations" ("version" varchar(255) NOT NULL) 
  [1m[36m (107.9ms)[0m  [1mCREATE UNIQUE INDEX "unique_schema_migrations" ON "schema_migrations" ("version")[0m
  [1m[35m (0.3ms)[0m  SELECT "schema_migrations"."version" FROM "schema_migrations" 
Migrating to CreateUsers (20130615153842)
  [1m[36m (0.1ms)[0m  [1mbegin transaction[0m
  [1m[35m (0.3ms)[0m  CREATE TABLE "users" ("id" INTEGER PRIMARY KEY AUTOINCREMENT NOT NULL, "name" varchar(255), "email" varchar(255), "provider" varchar(255), "uid" varchar(255), "created_at" datetime NOT NULL, "updated_at" datetime NOT NULL) 
  [1m[36m (0.1ms)[0m  [1mINSERT INTO "schema_migrations" ("version") VALUES ('20130615153842')[0m
  [1m[35m (132.9ms)[0m  commit transaction
  [1m[36m (0.1ms)[0m  [1mSELECT "schema_migrations"."version" FROM "schema_migrations" [0m
Connecting to database specified by database.yml
Connecting to database specified by database.yml
Connecting to database specified by database.yml
  [1m[36m (0.1ms)[0m  [1mSELECT "schema_migrations"."version" FROM "schema_migrations" [0m
Migrating to CreateUsers (20130615153842)
  [1m[35m (0.0ms)[0m  select sqlite_version(*)
  [1m[36m (0.1ms)[0m  [1mSELECT "schema_migrations"."version" FROM "schema_migrations" [0m
Connecting to database specified by database.yml
  [1m[36m (0.1ms)[0m  [1mSELECT "schema_migrations"."version" FROM "schema_migrations" [0m
  [1m[35m (0.1ms)[0m  select sqlite_version(*)
  [1m[36m (154.2ms)[0m  [1mCREATE TABLE "users" ("id" INTEGER PRIMARY KEY AUTOINCREMENT NOT NULL, "name" varchar(255), "email" varchar(255), "provider" varchar(255), "uid" varchar(255), "created_at" datetime NOT NULL, "updated_at" datetime NOT NULL) [0m
  [1m[35m (107.4ms)[0m  CREATE TABLE "schema_migrations" ("version" varchar(255) NOT NULL) 
  [1m[36m (108.0ms)[0m  [1mCREATE UNIQUE INDEX "unique_schema_migrations" ON "schema_migrations" ("version")[0m
  [1m[35m (0.2ms)[0m  SELECT version FROM "schema_migrations"
  [1m[36m (106.9ms)[0m  [1mINSERT INTO "schema_migrations" (version) VALUES ('20130615153842')[0m
Connecting to database specified by database.yml
  [1m[36m (0.1ms)[0m  [1mSELECT "schema_migrations"."version" FROM "schema_migrations" [0m
Connecting to database specified by database.yml


Started GET "/" for 127.0.0.1 at 2013-06-15 10:39:36 -0500
Processing by HomeController#index as HTML
  [1m[36mUser Load (0.1ms)[0m  [1mSELECT "users".* FROM "users" [0m
  Rendered home/index.html.haml within layouts/application (4.9ms)
Compiled bootstrap_and_overrides.css  (542ms)  (pid 3725)
Compiled home.css  (0ms)  (pid 3725)
Compiled application.css  (565ms)  (pid 3725)
Compiled jquery.js  (31ms)  (pid 3725)
Compiled jquery_ujs.js  (0ms)  (pid 3725)
Compiled twitter/bootstrap/bootstrap-transition.js  (0ms)  (pid 3725)
Compiled twitter/bootstrap/bootstrap-alert.js  (0ms)  (pid 3725)
Compiled twitter/bootstrap/bootstrap-modal.js  (0ms)  (pid 3725)
Compiled twitter/bootstrap/bootstrap-dropdown.js  (0ms)  (pid 3725)
Compiled twitter/bootstrap/bootstrap-scrollspy.js  (0ms)  (pid 3725)
Compiled twitter/bootstrap/bootstrap-tab.js  (0ms)  (pid 3725)
Compiled twitter/bootstrap/bootstrap-tooltip.js  (0ms)  (pid 3725)
Compiled twitter/bootstrap/bootstrap-popover.js  (0ms)  (pid 3725)
Compiled twitter/bootstrap/bootstrap-button.js  (0ms)  (pid 3725)
Compiled twitter/bootstrap/bootstrap-collapse.js  (0ms)  (pid 3725)
Compiled twitter/bootstrap/bootstrap-carousel.js  (0ms)  (pid 3725)
Compiled twitter/bootstrap/bootstrap-typeahead.js  (0ms)  (pid 3725)
Compiled twitter/bootstrap/bootstrap-affix.js  (0ms)  (pid 3725)
Compiled twitter/bootstrap.js  (32ms)  (pid 3725)
Compiled bootstrap.js  (84ms)  (pid 3725)
Compiled home.js  (0ms)  (pid 3725)
Compiled application.js  (219ms)  (pid 3725)
  Rendered layouts/_navigation.html.haml (5.2ms)
  Rendered layouts/_messages.html.haml (1.1ms)
Completed 200 OK in 999ms (Views: 884.3ms | ActiveRecord: 0.9ms)
Connecting to database specified by database.yml


Started GET "/" for 127.0.0.1 at 2013-06-15 11:00:21 -0500
Processing by HomeController#index as HTML
  [1m[36mUser Load (0.1ms)[0m  [1mSELECT "users".* FROM "users" [0m
  Rendered home/index.html.haml within layouts/application (1.5ms)
  Rendered layouts/_navigation.html.haml (2.1ms)
  Rendered layouts/_messages.html.haml (1.1ms)
Completed 200 OK in 87ms (Views: 74.6ms | ActiveRecord: 0.9ms)


Started GET "/signin" for 127.0.0.1 at 2013-06-15 11:00:24 -0500
Processing by SessionsController#new as HTML
Redirected to http://localhost:3000/auth/twitter
Completed 302 Found in 0ms (ActiveRecord: 0.0ms)


Started GET "/auth/twitter" for 127.0.0.1 at 2013-06-15 11:00:24 -0500


Started GET "/auth/twitter/callback?oauth_token=JPYaSfuZrFG2Z2mc9HbEnrWqt0cDWH1Z1fCJ05bG8&oauth_verifier=OqW7nEBYK0pVg9KluZgPPcq5xkgyo5m1gkkrFELB0" for 127.0.0.1 at 2013-06-15 11:00:40 -0500
Processing by SessionsController#create as HTML
  Parameters: {"oauth_token"=>"JPYaSfuZrFG2Z2mc9HbEnrWqt0cDWH1Z1fCJ05bG8", "oauth_verifier"=>"OqW7nEBYK0pVg9KluZgPPcq5xkgyo5m1gkkrFELB0", "provider"=>"twitter"}
  [1m[35mUser Load (0.2ms)[0m  SELECT "users".* FROM "users" WHERE "users"."provider" = 'twitter' AND "users"."uid" = '1519626841' LIMIT 1
  [1m[36m (0.1ms)[0m  [1mbegin transaction[0m
  [1m[35mSQL (27.8ms)[0m  INSERT INTO "users" ("created_at", "email", "name", "provider", "uid", "updated_at") VALUES (?, ?, ?, ?, ?, ?)  [["created_at", Sat, 15 Jun 2013 16:00:41 UTC +00:00], ["email", ""], ["name", "crowdarmor"], ["provider", "twitter"], ["uid", "1519626841"], ["updated_at", Sat, 15 Jun 2013 16:00:41 UTC +00:00]]
  [1m[36m (146.6ms)[0m  [1mcommit transaction[0m
Redirected to http://localhost:3000/users/1/edit
Completed 302 Found in 208ms (ActiveRecord: 174.6ms)


Started GET "/users/1/edit" for 127.0.0.1 at 2013-06-15 11:00:41 -0500
Processing by UsersController#edit as HTML
  Parameters: {"id"=>"1"}
  [1m[35mUser Load (0.2ms)[0m  SELECT "users".* FROM "users" WHERE "users"."id" = ? LIMIT 1  [["id", 1]]
  [1m[36mUser Load (0.0ms)[0m  [1mSELECT "users".* FROM "users" WHERE "users"."id" = ? LIMIT 1[0m  [["id", "1"]]
  [1m[35mCACHE (0.0ms)[0m  SELECT "users".* FROM "users" WHERE "users"."id" = ? LIMIT 1  [["id", "1"]]
  Rendered users/edit.html.haml within layouts/application (28.8ms)
  Rendered layouts/_navigation.html.haml (0.3ms)
  Rendered layouts/_messages.html.haml (0.1ms)
Completed 200 OK in 51ms (Views: 48.6ms | ActiveRecord: 0.2ms)


Started GET "/" for 127.0.0.1 at 2013-06-15 11:00:45 -0500
Processing by HomeController#index as HTML
  [1m[36mUser Load (0.5ms)[0m  [1mSELECT "users".* FROM "users" [0m
  Rendered home/index.html.haml within layouts/application (1.0ms)
  [1m[35mUser Load (0.1ms)[0m  SELECT "users".* FROM "users" WHERE "users"."id" = ? LIMIT 1  [["id", 1]]
  Rendered layouts/_navigation.html.haml (1.0ms)
  Rendered layouts/_messages.html.haml (0.0ms)
Completed 200 OK in 28ms (Views: 25.1ms | ActiveRecord: 0.6ms)


Started GET "/signout" for 127.0.0.1 at 2013-06-15 11:00:51 -0500
Processing by SessionsController#destroy as HTML
Redirected to http://localhost:3000/
Completed 302 Found in 1ms (ActiveRecord: 0.0ms)


Started GET "/" for 127.0.0.1 at 2013-06-15 11:00:51 -0500
Processing by HomeController#index as HTML
  [1m[36mUser Load (0.1ms)[0m  [1mSELECT "users".* FROM "users" [0m
  Rendered home/index.html.haml within layouts/application (0.4ms)
  Rendered layouts/_navigation.html.haml (0.3ms)
  Rendered layouts/_messages.html.haml (0.1ms)
Completed 200 OK in 22ms (Views: 20.9ms | ActiveRecord: 0.1ms)


Started GET "/signin" for 127.0.0.1 at 2013-06-15 11:00:55 -0500
Processing by SessionsController#new as HTML
Redirected to http://localhost:3000/auth/twitter
Completed 302 Found in 0ms (ActiveRecord: 0.0ms)


Started GET "/auth/twitter" for 127.0.0.1 at 2013-06-15 11:00:55 -0500


Started GET "/auth/twitter/callback?oauth_token=RDwYS0Oos9XiEwtRLC0IRRd07WKksadGa3fs1RLMvg&oauth_verifier=nVAtaY7rSHkUyjZr6qOLu2QqskjCzDS5sJmIFphO6M" for 127.0.0.1 at 2013-06-15 11:01:00 -0500
Processing by SessionsController#create as HTML
  Parameters: {"oauth_token"=>"RDwYS0Oos9XiEwtRLC0IRRd07WKksadGa3fs1RLMvg", "oauth_verifier"=>"nVAtaY7rSHkUyjZr6qOLu2QqskjCzDS5sJmIFphO6M", "provider"=>"twitter"}
  [1m[35mUser Load (0.5ms)[0m  SELECT "users".* FROM "users" WHERE "users"."provider" = 'twitter' AND "users"."uid" = '1519626841' LIMIT 1
Redirected to http://localhost:3000/users/1/edit
Completed 302 Found in 4ms (ActiveRecord: 0.5ms)


Started GET "/users/1/edit" for 127.0.0.1 at 2013-06-15 11:01:02 -0500
Processing by UsersController#edit as HTML
  Parameters: {"id"=>"1"}
  [1m[36mUser Load (0.1ms)[0m  [1mSELECT "users".* FROM "users" WHERE "users"."id" = ? LIMIT 1[0m  [["id", 1]]
  [1m[35mUser Load (0.1ms)[0m  SELECT "users".* FROM "users" WHERE "users"."id" = ? LIMIT 1  [["id", "1"]]
  [1m[36mCACHE (0.0ms)[0m  [1mSELECT "users".* FROM "users" WHERE "users"."id" = ? LIMIT 1[0m  [["id", "1"]]
  Rendered users/edit.html.haml within layouts/application (2.6ms)
  Rendered layouts/_navigation.html.haml (0.4ms)
  Rendered layouts/_messages.html.haml (0.1ms)
Completed 200 OK in 57ms (Views: 55.1ms | ActiveRecord: 0.2ms)
Connecting to database specified by database.yml
